android/build/intermediates/manifest_merge_blame_file/debug/manifest-merger-blame-debug-report.txt
1<?xml version="1.0" encoding="utf-8"?>
2<manifest xmlns:android="http://schemas.android.com/apk/res/android"
3    package="io.wazo.callkeep" >
4
5    <uses-sdk android:minSdkVersion="21" />
6
7    <uses-permission android:name="android.permission.CALL_PHONE" />
7-->src\main\AndroidManifest.xml:4:5-69
7-->src\main\AndroidManifest.xml:4:22-66
8    <uses-permission
8-->src\main\AndroidManifest.xml:5:5-6:51
9        android:name="android.permission.READ_PHONE_STATE"
9-->src\main\AndroidManifest.xml:5:22-72
10        android:maxSdkVersion="29" />
10-->src\main\AndroidManifest.xml:6:22-48
11    <uses-permission android:name="android.permission.READ_PHONE_NUMBERS" />
11-->src\main\AndroidManifest.xml:7:5-77
11-->src\main\AndroidManifest.xml:7:22-74
12    <uses-permission android:name="android.permission.MANAGE_OWN_CALLS" />
12-->src\main\AndroidManifest.xml:8:5-75
12-->src\main\AndroidManifest.xml:8:22-72
13
14</manifest>